*** Starting uWSGI 2.0.21 (64bit) on [Tue Jan 10 09:27:25 2023] ***
compiled with version: 11.3.0 on 10 January 2023 09:19:59
os: Linux-5.15.0-1026-aws #30-Ubuntu SMP Wed Nov 23 14:15:21 UTC 2022
nodename: ip-172-31-45-183
machine: x86_64
clock source: unix
detected number of CPU cores: 1
current working directory: /home/ubuntu/projects/django-table
writing pidfile to /tmp/project-master.pid
detected binary path: /home/ubuntu/projects/django-table/venv/bin/uwsgi
!!! no internal routing support, rebuild with pcre support !!!
chdir() to /home/ubuntu/projects/django-table
your processes number limit is 3811
your memory page size is 4096 bytes
detected max file descriptor number: 1024
lock engine: pthread robust mutexes
thunder lock: disabled (you can enable it with --thunder-lock)
uwsgi socket 0 bound to UNIX address /home/ubuntu/projects/django-table/uwsgi.sock fd 3
Python version: 3.10.6 (main, Nov 14 2022, 16:10:14) [GCC 11.3.0]
PEP 405 virtualenv detected: /home/ubuntu/projects/django-table/venv
Set PythonHome to /home/ubuntu/projects/django-table/venv
*** Python threads support is disabled. You can enable it with --enable-threads ***
Python main interpreter initialized at 0x55c1e1904530
your server socket listen backlog is limited to 100 connections
your mercy for graceful operations on workers is 60 seconds
mapped 145808 bytes (142 KB) for 1 cores
*** Operational MODE: single process ***
WSGI app 0 (mountpoint='') ready in 0 seconds on interpreter 0x55c1e1904530 pid: 10234 (default app)
*** uWSGI is running in multiple interpreter mode ***
spawned uWSGI master process (pid: 10234)
spawned uWSGI worker 1 (pid: 10263, cores: 1)
